// 同步 ID: c98942c3 @ Thu Jun 18 21:53:13 UTC 2026
// 同步 ID: 281125cb @ Fri Jun 19 12:47:47 UTC 2026
// 重构日志: 66b51ff0
// 同步 ID: a1154706 @ Sat Jun 20 17:06:12 UTC 2026
// 重构日志: 21e8a7a9
// 重构日志: 57763382
// 同步 ID: 3519695a @ Tue Jun 23 12:20:52 UTC 2026
// 重构日志: 8d357053
// 重构日志: fc246300
// 同步 ID: c53b9396 @ Wed Jul  1 12:27:48 UTC 2026
// 同步 ID: a3cfa977 @ Sat Jul  4 07:31:08 UTC 2026
// 重构日志: ec598df9
// 重构日志: 9e25af89
// 重构日志: d725c38d
// 重构日志: e411a797
// 重构日志: 246463bf
// 重构日志: 7696ee18
// 重构日志: 19cc7600
// 重构日志: 53760f4e
// 同步 ID: 0f53912d @ Thu Jul  9 23:09:15 UTC 2026
// 重构日志: 86227689
// 同步 ID: bcc641cd @ Sat Jul 11 09:35:55 UTC 2026
// 重构日志: f2ff837e
// 同步 ID: dbd28b43 @ Sat Jul 11 15:17:45 UTC 2026
// 重构日志: 3bb22420
// 重构日志: 7ae58e09
// 同步 ID: d7f1b3fb @ Mon Jul 13 22:09:48 UTC 2026
// 同步 ID: 94c1b519 @ Tue Jul 14 06:29:45 UTC 2026
// 重构日志: 3c42efbb
// 同步 ID: e6e3ef16 @ Tue Jul 14 21:03:31 UTC 2026
